<?xml version="1.0" encoding="UTF-8"?>
<!-- Generated by org.testng.reporters.JUnitReportReporter -->
<testsuite hostname="STFMXC1617" failures="0" tests="1" name="com.projectName.testScripts.test01" time="0.009" errors="0" timestamp="2022-03-01T13:53:41 CST" skipped="0">
  <testcase classname="com.projectName.testScripts.test01" name="test" time="0.009"/>
  <system-out/>
</testsuite> <!-- com.projectName.testScripts.test01 -->
